2025-01-16 17:24:00 | WARN | repo=course-sys-int-systems | action=commit
2025-11-12 10:46:00 | INFO | repo=course-sys-int-systems | action=commit
2025-01-15 08:07:00 | DEBUG | repo=course-sys-int-systems | action=commit
2025-04-06 19:19:00 | DEBUG | repo=course-sys-int-systems | action=commit
2025-09-28 16:27:00 | DEBUG | repo=course-sys-int-systems | action=commit
2025-01-27 15:57:00 | INFO | repo=course-sys-int-systems | action=commit
2025-06-05 07:59:00 | WARN | repo=course-sys-int-systems | action=test | passed=true
2025-07-26 15:52:00 | DEBUG | repo=course-sys-int-systems | action=commit
2025-02-06 08:22:00 | DEBUG | repo=course-sys-int-systems | action=pull
2025-06-26 16:16:00 | DEBUG | repo=course-sys-int-systems | action=edit | files=1
2025-02-19 17:08:00 | WARN | repo=course-sys-int-systems | action=commit
2025-11-17 10:52:00 | DEBUG | repo=course-sys-int-systems | action=commit
2025-10-27 08:33:00 | DEBUG | repo=course-sys-int-systems | action=edit | files=5
2025-06-24 16:25:00 | WARN | repo=course-sys-int-systems | action=commit
2025-03-28 17:10:00 | DEBUG | repo=course-sys-int-systems | action=commit
2025-12-28 08:41:00 | INFO | repo=course-sys-int-systems | action=commit
2025-10-15 10:07:00 | INFO | repo=course-sys-int-systems | action=test | passed=true
2025-06-15 19:29:00 | INFO | repo=course-sys-int-systems | action=commit
2025-06-05 11:28:00 | INFO | repo=course-sys-int-systems | action=commit
2025-06-20 18:45:00 | WARN | repo=course-sys-int-systems | action=test | passed=true
2025-11-01 20:40:00 | INFO | repo=course-sys-int-systems | action=commit
2025-08-28 17:15:00 | DEBUG | repo=course-sys-int-systems | action=commit
2025-07-13 08:56:00 | DEBUG | repo=course-sys-int-systems | action=commit
2025-11-24 07:29:00 | WARN | repo=course-sys-int-systems | action=pull
2025-02-26 13:12:00 | WARN | repo=course-sys-int-systems | action=commit
2025-11-24 18:56:00 | WARN | repo=course-sys-int-systems | action=edit | files=2
2025-03-17 07:53:00 | WARN | repo=course-sys-int-systems | action=commit
